<?xml version="1.0" encoding="UTF-8"?>
<!-- Generated by org.testng.reporters.JUnitReportReporter -->
<testsuite hostname="DESKTOP-SSA55LP" failures="0" tests="2" name="Sample2" time="31.525" errors="0" timestamp="2022-02-18T23:54:07 CET" skipped="0">
  <testcase classname="Sample2" name="verifypageTitle1" time="11.440"/>
  <system-out/>
  <testcase classname="Sample2" name="verifypageTitle2" time="20.085"/>
  <system-out/>
</testsuite> <!-- Sample2 -->
