<?xml version="1.0" encoding="UTF-8"?>
<!-- Generated by org.testng.reporters.JUnitReportReporter -->
<testsuite hostname="DESKTOP-SSA55LP" failures="0" tests="3" name="testinpackage.NewTest4" time="0.089" errors="0" timestamp="2022-02-22T00:40:54 CET" skipped="0">
  <testcase classname="testinpackage.NewTest4" name="testcase2" time="0.036"/>
  <system-out/>
  <testcase classname="testinpackage.NewTest4" name="testcase1" time="0.045"/>
  <system-out/>
  <testcase classname="testinpackage.NewTest4" name="testcase3" time="0.008"/>
  <system-out/>
</testsuite> <!-- testinpackage.NewTest4 -->
