<?xml version="1.0" encoding="UTF-8"?>
<!-- Generated by org.testng.reporters.JUnitReportReporter -->
<testsuite hostname="DESKTOP-SSA55LP" failures="0" tests="1" name="testinpackage.Testcases" time="7.185" errors="0" timestamp="2022-03-01T19:54:39 CET" skipped="0">
  <testcase classname="testinpackage.Testcases" name="addvendor" time="7.185"/>
  <system-out/>
</testsuite> <!-- testinpackage.Testcases -->
