<?xml version="1.0" encoding="UTF-8"?>
<!-- Generated by org.testng.reporters.JUnitReportReporter -->
<testsuite hostname="DESKTOP-SSA55LP" failures="0" tests="3" name="testinpackage.NewTest3" time="0.017" errors="0" timestamp="2022-02-22T00:14:04 CET" skipped="0">
  <testcase classname="testinpackage.NewTest3" name="advancedsearch" time="0.009"/>
  <system-out/>
  <testcase classname="testinpackage.NewTest3" name="prepaidrecharge" time="0.000"/>
  <system-out/>
  <testcase classname="testinpackage.NewTest3" name="billpayments" time="0.008"/>
  <system-out/>
</testsuite> <!-- testinpackage.NewTest3 -->
