<?xml version="1.0" encoding="UTF-8"?>
<!-- Generated by org.testng.reporters.JUnitReportReporter -->
<testsuite hostname="DESKTOP-SSA55LP" failures="0" tests="3" name="NewTest2" time="0.016" errors="0" timestamp="2022-02-21T16:07:11 CET" skipped="0">
  <testcase classname="NewTest2" name="deletevendor" time="0.000"/>
  <system-out/>
  <testcase classname="NewTest2" name="deleteproduct" time="0.008"/>
  <system-out/>
  <testcase classname="NewTest2" name="deletecurrency" time="0.008"/>
  <system-out/>
</testsuite> <!-- NewTest2 -->
