<?xml version="1.0" encoding="UTF-8"?>
<!-- Generated by org.testng.reporters.JUnitReportReporter -->
<testsuite hostname="DESKTOP-SSA55LP" failures="0" tests="4" name="testinpackage.NewTest1" time="0.063" errors="0" timestamp="2022-02-27T18:31:21 CET" skipped="0">
  <testcase classname="testinpackage.NewTest1" name="addvendor" time="0.016"/>
  <system-out/>
  <testcase classname="testinpackage.NewTest1" name="addvendor" time="0.016"/>
  <system-out/>
  <testcase classname="testinpackage.NewTest1" name="addvendor" time="0.015"/>
  <system-out/>
  <testcase classname="testinpackage.NewTest1" name="addvendor" time="0.016"/>
  <system-out/>
</testsuite> <!-- testinpackage.NewTest1 -->
