<?xml version="1.0" encoding="UTF-8"?>
<!-- Generated by org.testng.reporters.JUnitReportReporter -->
<testsuite hostname="DESKTOP-SSA55LP" failures="0" tests="3" name="NewTest1" time="0.024" errors="0" timestamp="2022-02-21T16:07:11 CET" skipped="0">
  <testcase classname="NewTest1" name="addcurrency" time="0.016"/>
  <system-out/>
  <testcase classname="NewTest1" name="addproduct" time="0.000"/>
  <system-out/>
  <testcase classname="NewTest1" name="addvendor" time="0.008"/>
  <system-out/>
</testsuite> <!-- NewTest1 -->
